生成启动时间为 2020/9/20 11:06:11。
     1>项目“C:\Users\Administrator\Documents\GitHub\tankgame-team\Tank one\Tank one.vcxproj”在节点 2 上(build 个目标)。
     1>InitializeBuildStatus:
         正在创建“Debug\Tank one.unsuccessfulbuild”，因为已指定“AlwaysCreate”。
       ClCompile:
         c:\Program Files (x86)\Microsoft Visual Studio 10.0\VC\bin\CL.exe /c /ZI /nologo /W3 /WX- /Od /Oy- /D WIN32 /D _DEBUG /D _CONSOLE /D _UNICODE /D UNICODE /Gm /EHsc /RTC1 /MDd /GS /fp:precise /Zc:wchar_t /Zc:forScope /Fo"Debug\\" /Fd"Debug\vc100.pdb" /Gd /TP /analyze- /errorReport:prompt "tank-player.cpp"
         tank-player.cpp
       Link:
         c:\Program Files (x86)\Microsoft Visual Studio 10.0\VC\bin\link.exe /ERRORREPORT:PROMPT /OUT:"C:\Users\Administrator\Documents\GitHub\tankgame-team\Debug\Tank one.exe" /INCREMENTAL /NOLOGO kernel32.lib user32.lib gdi32.lib winspool.lib comdlg32.lib advapi32.lib shell32.lib ole32.lib oleaut32.lib uuid.lib odbc32.lib odbccp32.lib /MANIFEST:NO /DEBUG /PDB:"C:\Users\Administrator\Documents\GitHub\tankgame-team\Debug\Tank one.pdb" /SUBSYSTEM:CONSOLE /TLBID:1 /DYNAMICBASE /NXCOMPAT /IMPLIB:"C:\Users\Administrator\Documents\GitHub\tankgame-team\Debug\Tank one.lib" /MACHINE:X86 Debug\common.obj
         "Debug\game-clock.obj"
         "Debug\game-control.obj"
         "Debug\mci-sound.obj"
         "Debug\select-panel.obj"
         "Debug\Tank one.obj"
         "Debug\tank-common.obj"
         "Debug\tank-enemy.obj"
         "Debug\tank-player.obj"
         Tank one.vcxproj -> C:\Users\Administrator\Documents\GitHub\tankgame-team\Debug\Tank one.exe
       FinalizeBuildStatus:
         正在删除文件“Debug\Tank one.unsuccessfulbuild”。
         正在对“Debug\Tank one.lastbuildstate”执行 Touch 任务。
     1>已完成生成项目“C:\Users\Administrator\Documents\GitHub\tankgame-team\Tank one\Tank one.vcxproj”(build 个目标)的操作。

生成成功。

已用时间 00:00:00.70
